{
  "RSpec": {
    "coverage": {
      "/Users/nickdemers/Documents/Projects/workspace/Disponibilites/app/controllers/disponibilites_controller.rb": [
        1,
        1,
        null,
        null,
        null,
        1,
        1,
        null,
        null,
        null,
        null,
        1,
        null,
        null,
        null,
        1,
        2,
        2,
        2,
        1,
        2,
        1,
        null,
        null,
        null,
        null,
        null,
        1,
        1,
        null,
        null,
        null,
        null,
        1,
        8,
        null,
        8,
        null,
        8,
        null,
        8,
        null,
        8,
        5,
        null,
        null,
        8,
        8,
        12,
        6,
        null,
        4,
        2,
        null,
        null,
        null,
        null,
        null,
        null,
        1,
        5,
        5,
        4,
        2,
        null,
        6,
        3,
        null,
        null,
        null,
        null,
        null,
        null,
        1,
        2,
        2,
        4,
        2,
        null,
        null,
        null,
        1,
        null,
        1,
        9,
        null,
        null,
        null,
        1,
        13,
        null,
        null
      ],
      "/Users/nickdemers/Documents/Projects/workspace/Disponibilites/app/controllers/application_controller.rb": [
        1,
        1,
        null
      ],
      "/Users/nickdemers/Documents/Projects/workspace/Disponibilites/app/models/disponibilite.rb": [
        1,
        1,
        null,
        1,
        1,
        1,
        1,
        null,
        1,
        1,
        1,
        null,
        1,
        1,
        1,
        null
      ],
      "/Users/nickdemers/Documents/Projects/workspace/Disponibilites/app/models/disponibilite_validations.rb": [
        1,
        null,
        null,
        1,
        18,
        18,
        0,
        null,
        null,
        null,
        null,
        1,
        null,
        18,
        3,
        null,
        null,
        null,
        3,
        0,
        null,
        null,
        null,
        null,
        null,
        1,
        18,
        18,
        0,
        null,
        null,
        null
      ],
      "/Users/nickdemers/Documents/Projects/workspace/Disponibilites/app/models/utilisateur.rb": [
        1,
        null,
        null,
        1,
        1,
        null,
        1,
        1,
        1,
        null,
        null
      ]
    },
    "timestamp": 1413506187
  }
}
